2025-04-02 10:02:05.075 | INFO     | src.ui.connection_widget:handle_connection:212 - 已连接到设备 10.160.129.66:1448
2025-04-02 10:02:14.572 | INFO     | src.ui.api_test_widget:lower_shelf:536 - 正在放下货架...
2025-04-02 10:02:14.600 | INFO     | src.ui.api_test_widget:lower_shelf:542 - 货架放下完成
2025-04-02 10:02:15.193 | DEBUG    | src.api.robot_api:get_current_action:257 - 任务状态更新: action_id=104, stage=MOVING, status=1, result=0
2025-04-02 10:02:15.195 | DEBUG    | src.ui.device_info_widget:_display_action_info:123 - 显示任务信息: action_id=104, stage=MOVING, status=1, result=0
2025-04-02 10:02:16.093 | DEBUG    | src.api.robot_api:get_current_action:257 - 任务状态更新: action_id=104, stage=MOVING, status=1, result=0
2025-04-02 10:02:16.094 | DEBUG    | src.ui.device_info_widget:_display_action_info:123 - 显示任务信息: action_id=104, stage=MOVING, status=1, result=0
2025-04-02 10:02:17.276 | DEBUG    | src.api.robot_api:get_current_action:257 - 任务状态更新: action_id=104, stage=MOVING, status=1, result=0
2025-04-02 10:02:17.276 | DEBUG    | src.ui.device_info_widget:_display_action_info:123 - 显示任务信息: action_id=104, stage=MOVING, status=1, result=0
2025-04-02 10:02:18.138 | DEBUG    | src.api.robot_api:get_current_action:257 - 任务状态更新: action_id=104, stage=MOVING, status=1, result=0
2025-04-02 10:02:18.139 | DEBUG    | src.ui.device_info_widget:_display_action_info:123 - 显示任务信息: action_id=104, stage=MOVING, status=1, result=0
2025-04-02 10:02:19.110 | DEBUG    | src.api.robot_api:get_current_action:257 - 任务状态更新: action_id=104, stage=MOVING, status=1, result=0
2025-04-02 10:02:19.111 | DEBUG    | src.ui.device_info_widget:_display_action_info:123 - 显示任务信息: action_id=104, stage=MOVING, status=1, result=0
2025-04-02 10:02:20.160 | DEBUG    | src.api.robot_api:get_current_action:257 - 任务状态更新: action_id=104, stage=MOVING, status=1, result=0
2025-04-02 10:02:20.162 | DEBUG    | src.ui.device_info_widget:_display_action_info:123 - 显示任务信息: action_id=104, stage=MOVING, status=1, result=0
2025-04-02 10:02:21.078 | DEBUG    | src.api.robot_api:get_current_action:257 - 任务状态更新: action_id=104, stage=MOVING, status=1, result=0
2025-04-02 10:02:21.078 | DEBUG    | src.ui.device_info_widget:_display_action_info:123 - 显示任务信息: action_id=104, stage=MOVING, status=1, result=0
2025-04-02 10:02:22.302 | DEBUG    | src.api.robot_api:get_current_action:257 - 任务状态更新: action_id=104, stage=MOVING, status=1, result=0
2025-04-02 10:02:22.302 | DEBUG    | src.ui.device_info_widget:_display_action_info:123 - 显示任务信息: action_id=104, stage=MOVING, status=1, result=0
2025-04-02 10:02:23.248 | DEBUG    | src.api.robot_api:get_current_action:257 - 任务状态更新: action_id=104, stage=MOVING, status=1, result=0
2025-04-02 10:02:23.248 | DEBUG    | src.ui.device_info_widget:_display_action_info:123 - 显示任务信息: action_id=104, stage=MOVING, status=1, result=0
2025-04-02 10:02:24.303 | DEBUG    | src.api.robot_api:get_current_action:257 - 任务状态更新: action_id=104, stage=MOVING, status=1, result=0
2025-04-02 10:02:24.305 | DEBUG    | src.ui.device_info_widget:_display_action_info:123 - 显示任务信息: action_id=104, stage=MOVING, status=1, result=0
2025-04-02 10:02:25.101 | DEBUG    | src.api.robot_api:get_current_action:257 - 任务状态更新: action_id=104, stage=MOVING, status=1, result=0
2025-04-02 10:02:25.101 | DEBUG    | src.ui.device_info_widget:_display_action_info:123 - 显示任务信息: action_id=104, stage=MOVING, status=1, result=0
2025-04-02 10:02:26.127 | DEBUG    | src.api.robot_api:get_current_action:257 - 任务状态更新: action_id=104, stage=MOVING, status=1, result=0
2025-04-02 10:02:26.130 | DEBUG    | src.ui.device_info_widget:_display_action_info:123 - 显示任务信息: action_id=104, stage=MOVING, status=1, result=0
2025-04-02 10:02:27.099 | DEBUG    | src.api.robot_api:get_current_action:257 - 任务状态更新: action_id=104, stage=MOVING, status=1, result=0
2025-04-02 10:02:27.101 | DEBUG    | src.ui.device_info_widget:_display_action_info:123 - 显示任务信息: action_id=104, stage=MOVING, status=1, result=0
2025-04-02 10:02:28.326 | DEBUG    | src.api.robot_api:get_current_action:257 - 任务状态更新: action_id=104, stage=MOVING, status=1, result=0
2025-04-02 10:02:28.326 | DEBUG    | src.ui.device_info_widget:_display_action_info:123 - 显示任务信息: action_id=104, stage=MOVING, status=1, result=0
2025-04-02 10:02:29.103 | DEBUG    | src.api.robot_api:get_current_action:257 - 任务状态更新: action_id=104, stage=MOVING, status=1, result=0
2025-04-02 10:02:29.104 | DEBUG    | src.ui.device_info_widget:_display_action_info:123 - 显示任务信息: action_id=104, stage=MOVING, status=1, result=0
2025-04-02 10:02:30.092 | DEBUG    | src.api.robot_api:get_current_action:257 - 任务状态更新: action_id=104, stage=MOVING, status=1, result=0
2025-04-02 10:02:30.092 | DEBUG    | src.ui.device_info_widget:_display_action_info:123 - 显示任务信息: action_id=104, stage=MOVING, status=1, result=0
2025-04-02 10:02:31.103 | DEBUG    | src.ui.device_info_widget:_display_action_info:123 - 显示任务信息: action_id=104, stage=, status=4, result=0
2025-04-02 10:02:32.090 | DEBUG    | src.ui.device_info_widget:_display_action_info:123 - 显示任务信息: action_id=104, stage=, status=4, result=0
2025-04-02 10:02:33.213 | DEBUG    | src.ui.device_info_widget:_display_action_info:123 - 显示任务信息: action_id=104, stage=, status=4, result=0
2025-04-02 10:02:33.759 | INFO     | src.ui.api_test_widget:backoff_shelf:570 - 正在退出货架...
2025-04-02 10:02:33.804 | INFO     | src.ui.api_test_widget:backoff_shelf:576 - 货架退出完成
2025-04-02 10:02:34.119 | DEBUG    | src.api.robot_api:get_current_action:257 - 任务状态更新: action_id=105, stage=, status=1, result=0
2025-04-02 10:02:34.120 | DEBUG    | src.ui.device_info_widget:_display_action_info:123 - 显示任务信息: action_id=105, stage=, status=1, result=0
2025-04-02 10:02:35.103 | DEBUG    | src.api.robot_api:get_current_action:257 - 任务状态更新: action_id=105, stage=, status=1, result=0
2025-04-02 10:02:35.103 | DEBUG    | src.ui.device_info_widget:_display_action_info:123 - 显示任务信息: action_id=105, stage=, status=1, result=0
2025-04-02 10:02:36.193 | DEBUG    | src.api.robot_api:get_current_action:257 - 任务状态更新: action_id=105, stage=, status=1, result=0
2025-04-02 10:02:36.194 | DEBUG    | src.ui.device_info_widget:_display_action_info:123 - 显示任务信息: action_id=105, stage=, status=1, result=0
2025-04-02 10:02:37.194 | DEBUG    | src.api.robot_api:get_current_action:257 - 任务状态更新: action_id=105, stage=, status=1, result=0
2025-04-02 10:02:37.195 | DEBUG    | src.ui.device_info_widget:_display_action_info:123 - 显示任务信息: action_id=105, stage=, status=1, result=0
2025-04-02 10:02:38.112 | DEBUG    | src.api.robot_api:get_current_action:257 - 任务状态更新: action_id=105, stage=, status=1, result=0
2025-04-02 10:02:38.113 | DEBUG    | src.ui.device_info_widget:_display_action_info:123 - 显示任务信息: action_id=105, stage=, status=1, result=0
2025-04-02 10:02:39.116 | DEBUG    | src.api.robot_api:get_current_action:257 - 任务状态更新: action_id=105, stage=, status=1, result=0
2025-04-02 10:02:39.117 | DEBUG    | src.ui.device_info_widget:_display_action_info:123 - 显示任务信息: action_id=105, stage=, status=1, result=0
2025-04-02 10:02:40.088 | DEBUG    | src.api.robot_api:get_current_action:257 - 任务状态更新: action_id=105, stage=, status=1, result=0
2025-04-02 10:02:40.089 | DEBUG    | src.ui.device_info_widget:_display_action_info:123 - 显示任务信息: action_id=105, stage=, status=1, result=0
2025-04-02 10:02:41.108 | DEBUG    | src.ui.device_info_widget:_display_action_info:123 - 显示任务信息: action_id=105, stage=, status=4, result=0
2025-04-02 10:02:42.205 | DEBUG    | src.ui.device_info_widget:_display_action_info:123 - 显示任务信息: action_id=105, stage=, status=4, result=0
2025-04-02 10:02:43.096 | DEBUG    | src.ui.device_info_widget:_display_action_info:123 - 显示任务信息: action_id=105, stage=, status=4, result=0
2025-04-02 10:02:44.127 | DEBUG    | src.ui.device_info_widget:_display_action_info:123 - 显示任务信息: action_id=105, stage=, status=4, result=0
2025-04-02 10:02:45.235 | DEBUG    | src.ui.device_info_widget:_display_action_info:123 - 显示任务信息: action_id=105, stage=, status=4, result=0
2025-04-02 10:02:46.222 | DEBUG    | src.ui.device_info_widget:_display_action_info:123 - 显示任务信息: action_id=105, stage=, status=4, result=0
2025-04-02 10:02:47.101 | DEBUG    | src.ui.device_info_widget:_display_action_info:123 - 显示任务信息: action_id=105, stage=, status=4, result=0
2025-04-02 10:02:48.139 | DEBUG    | src.ui.device_info_widget:_display_action_info:123 - 显示任务信息: action_id=105, stage=, status=4, result=0
2025-04-02 10:02:49.116 | DEBUG    | src.ui.device_info_widget:_display_action_info:123 - 显示任务信息: action_id=105, stage=, status=4, result=0
2025-04-02 10:02:50.082 | DEBUG    | src.ui.device_info_widget:_display_action_info:123 - 显示任务信息: action_id=105, stage=, status=4, result=0
2025-04-02 10:02:51.122 | DEBUG    | src.ui.device_info_widget:_display_action_info:123 - 显示任务信息: action_id=105, stage=, status=4, result=0
2025-04-02 10:02:52.132 | DEBUG    | src.ui.device_info_widget:_display_action_info:123 - 显示任务信息: action_id=105, stage=, status=4, result=0
2025-04-02 10:02:53.130 | DEBUG    | src.ui.device_info_widget:_display_action_info:123 - 显示任务信息: action_id=105, stage=, status=4, result=0
2025-04-02 10:02:54.088 | DEBUG    | src.ui.device_info_widget:_display_action_info:123 - 显示任务信息: action_id=105, stage=, status=4, result=0
2025-04-02 10:02:55.105 | DEBUG    | src.ui.device_info_widget:_display_action_info:123 - 显示任务信息: action_id=105, stage=, status=4, result=0
2025-04-02 10:02:56.082 | DEBUG    | src.ui.device_info_widget:_display_action_info:123 - 显示任务信息: action_id=105, stage=, status=4, result=0
2025-04-02 10:02:56.823 | INFO     | src.ui.api_test_widget:go_home:596 - 正在执行回桩...
2025-04-02 10:02:56.837 | INFO     | src.ui.api_test_widget:go_home:602 - 回桩完成
2025-04-02 10:02:57.108 | DEBUG    | src.api.robot_api:get_current_action:257 - 任务状态更新: action_id=106, stage=GOING_TO_LANDING_POINT, status=1, result=0
2025-04-02 10:02:57.108 | DEBUG    | src.ui.device_info_widget:_display_action_info:123 - 显示任务信息: action_id=106, stage=GOING_TO_LANDING_POINT, status=1, result=0
2025-04-02 10:02:58.285 | DEBUG    | src.api.robot_api:get_current_action:257 - 任务状态更新: action_id=106, stage=GOING_TO_LANDING_POINT, status=1, result=0
2025-04-02 10:02:58.286 | DEBUG    | src.ui.device_info_widget:_display_action_info:123 - 显示任务信息: action_id=106, stage=GOING_TO_LANDING_POINT, status=1, result=0
2025-04-02 10:02:59.103 | DEBUG    | src.api.robot_api:get_current_action:257 - 任务状态更新: action_id=106, stage=GOING_TO_LANDING_POINT, status=1, result=0
2025-04-02 10:02:59.104 | DEBUG    | src.ui.device_info_widget:_display_action_info:123 - 显示任务信息: action_id=106, stage=GOING_TO_LANDING_POINT, status=1, result=0
2025-04-02 10:03:00.146 | DEBUG    | src.api.robot_api:get_current_action:257 - 任务状态更新: action_id=106, stage=GOING_TO_LANDING_POINT, status=1, result=0
2025-04-02 10:03:00.147 | DEBUG    | src.ui.device_info_widget:_display_action_info:123 - 显示任务信息: action_id=106, stage=GOING_TO_LANDING_POINT, status=1, result=0
2025-04-02 10:03:01.145 | DEBUG    | src.api.robot_api:get_current_action:257 - 任务状态更新: action_id=106, stage=GOING_TO_LANDING_POINT, status=1, result=0
2025-04-02 10:03:01.146 | DEBUG    | src.ui.device_info_widget:_display_action_info:123 - 显示任务信息: action_id=106, stage=GOING_TO_LANDING_POINT, status=1, result=0
2025-04-02 10:03:02.086 | DEBUG    | src.api.robot_api:get_current_action:257 - 任务状态更新: action_id=106, stage=GOING_TO_LANDING_POINT, status=1, result=0
2025-04-02 10:03:02.087 | DEBUG    | src.ui.device_info_widget:_display_action_info:123 - 显示任务信息: action_id=106, stage=GOING_TO_LANDING_POINT, status=1, result=0
2025-04-02 10:03:03.192 | DEBUG    | src.api.robot_api:get_current_action:257 - 任务状态更新: action_id=106, stage=GOING_TO_LANDING_POINT, status=1, result=0
2025-04-02 10:03:03.193 | DEBUG    | src.ui.device_info_widget:_display_action_info:123 - 显示任务信息: action_id=106, stage=GOING_TO_LANDING_POINT, status=1, result=0
2025-04-02 10:03:04.120 | DEBUG    | src.api.robot_api:get_current_action:257 - 任务状态更新: action_id=106, stage=GOING_TO_LANDING_POINT, status=1, result=0
2025-04-02 10:03:04.121 | DEBUG    | src.ui.device_info_widget:_display_action_info:123 - 显示任务信息: action_id=106, stage=GOING_TO_LANDING_POINT, status=1, result=0
2025-04-02 10:03:05.104 | DEBUG    | src.api.robot_api:get_current_action:257 - 任务状态更新: action_id=106, stage=GOING_TO_LANDING_POINT, status=1, result=0
2025-04-02 10:03:05.104 | DEBUG    | src.ui.device_info_widget:_display_action_info:123 - 显示任务信息: action_id=106, stage=GOING_TO_LANDING_POINT, status=1, result=0
2025-04-02 10:03:06.190 | DEBUG    | src.api.robot_api:get_current_action:257 - 任务状态更新: action_id=106, stage=GOING_TO_LANDING_POINT, status=1, result=0
2025-04-02 10:03:06.190 | DEBUG    | src.ui.device_info_widget:_display_action_info:123 - 显示任务信息: action_id=106, stage=GOING_TO_LANDING_POINT, status=1, result=0
2025-04-02 10:03:07.211 | DEBUG    | src.api.robot_api:get_current_action:257 - 任务状态更新: action_id=106, stage=GOING_TO_LANDING_POINT, status=1, result=0
2025-04-02 10:03:07.212 | DEBUG    | src.ui.device_info_widget:_display_action_info:123 - 显示任务信息: action_id=106, stage=GOING_TO_LANDING_POINT, status=1, result=0
2025-04-02 10:03:08.094 | DEBUG    | src.api.robot_api:get_current_action:257 - 任务状态更新: action_id=106, stage=GOING_TO_LANDING_POINT, status=1, result=0
2025-04-02 10:03:08.095 | DEBUG    | src.ui.device_info_widget:_display_action_info:123 - 显示任务信息: action_id=106, stage=GOING_TO_LANDING_POINT, status=1, result=0
2025-04-02 10:03:09.184 | DEBUG    | src.api.robot_api:get_current_action:257 - 任务状态更新: action_id=106, stage=GOING_TO_LANDING_POINT, status=1, result=0
2025-04-02 10:03:09.185 | DEBUG    | src.ui.device_info_widget:_display_action_info:123 - 显示任务信息: action_id=106, stage=GOING_TO_LANDING_POINT, status=1, result=0
2025-04-02 10:03:10.147 | DEBUG    | src.api.robot_api:get_current_action:257 - 任务状态更新: action_id=106, stage=GOING_TO_LANDING_POINT, status=1, result=0
2025-04-02 10:03:10.152 | DEBUG    | src.ui.device_info_widget:_display_action_info:123 - 显示任务信息: action_id=106, stage=GOING_TO_LANDING_POINT, status=1, result=0
2025-04-02 10:03:11.274 | DEBUG    | src.api.robot_api:get_current_action:257 - 任务状态更新: action_id=106, stage=GOING_TO_LANDING_POINT, status=1, result=0
2025-04-02 10:03:11.275 | DEBUG    | src.ui.device_info_widget:_display_action_info:123 - 显示任务信息: action_id=106, stage=GOING_TO_LANDING_POINT, status=1, result=0
2025-04-02 10:03:12.185 | DEBUG    | src.api.robot_api:get_current_action:257 - 任务状态更新: action_id=106, stage=GOING_TO_LANDING_POINT, status=1, result=0
2025-04-02 10:03:12.186 | DEBUG    | src.ui.device_info_widget:_display_action_info:123 - 显示任务信息: action_id=106, stage=GOING_TO_LANDING_POINT, status=1, result=0
2025-04-02 10:03:13.103 | DEBUG    | src.api.robot_api:get_current_action:257 - 任务状态更新: action_id=106, stage=GOING_TO_LANDING_POINT, status=1, result=0
2025-04-02 10:03:13.103 | DEBUG    | src.ui.device_info_widget:_display_action_info:123 - 显示任务信息: action_id=106, stage=GOING_TO_LANDING_POINT, status=1, result=0
2025-04-02 10:03:14.117 | DEBUG    | src.api.robot_api:get_current_action:257 - 任务状态更新: action_id=106, stage=GOING_TO_LANDING_POINT, status=1, result=0
2025-04-02 10:03:14.119 | DEBUG    | src.ui.device_info_widget:_display_action_info:123 - 显示任务信息: action_id=106, stage=GOING_TO_LANDING_POINT, status=1, result=0
2025-04-02 10:03:15.146 | DEBUG    | src.api.robot_api:get_current_action:257 - 任务状态更新: action_id=106, stage=GOING_TO_LANDING_POINT, status=1, result=0
2025-04-02 10:03:15.147 | DEBUG    | src.ui.device_info_widget:_display_action_info:123 - 显示任务信息: action_id=106, stage=GOING_TO_LANDING_POINT, status=1, result=0
2025-04-02 10:03:16.095 | DEBUG    | src.api.robot_api:get_current_action:257 - 任务状态更新: action_id=106, stage=GOING_TO_LANDING_POINT, status=1, result=0
2025-04-02 10:03:16.095 | DEBUG    | src.ui.device_info_widget:_display_action_info:123 - 显示任务信息: action_id=106, stage=GOING_TO_LANDING_POINT, status=1, result=0
2025-04-02 10:03:17.103 | DEBUG    | src.api.robot_api:get_current_action:257 - 任务状态更新: action_id=106, stage=GOING_TO_LANDING_POINT, status=1, result=0
2025-04-02 10:03:17.103 | DEBUG    | src.ui.device_info_widget:_display_action_info:123 - 显示任务信息: action_id=106, stage=GOING_TO_LANDING_POINT, status=1, result=0
2025-04-02 10:03:18.206 | DEBUG    | src.api.robot_api:get_current_action:257 - 任务状态更新: action_id=106, stage=GOING_TO_LANDING_POINT, status=1, result=0
2025-04-02 10:03:18.206 | DEBUG    | src.ui.device_info_widget:_display_action_info:123 - 显示任务信息: action_id=106, stage=GOING_TO_LANDING_POINT, status=1, result=0
2025-04-02 10:03:19.174 | DEBUG    | src.api.robot_api:get_current_action:257 - 任务状态更新: action_id=106, stage=GOING_HOME, status=1, result=0
2025-04-02 10:03:19.175 | DEBUG    | src.ui.device_info_widget:_display_action_info:123 - 显示任务信息: action_id=106, stage=GOING_HOME, status=1, result=0
2025-04-02 10:03:20.098 | DEBUG    | src.api.robot_api:get_current_action:257 - 任务状态更新: action_id=106, stage=GOING_HOME, status=1, result=0
2025-04-02 10:03:20.099 | DEBUG    | src.ui.device_info_widget:_display_action_info:123 - 显示任务信息: action_id=106, stage=GOING_HOME, status=1, result=0
2025-04-02 10:03:21.111 | DEBUG    | src.api.robot_api:get_current_action:257 - 任务状态更新: action_id=106, stage=GOING_HOME, status=1, result=0
2025-04-02 10:03:21.112 | DEBUG    | src.ui.device_info_widget:_display_action_info:123 - 显示任务信息: action_id=106, stage=GOING_HOME, status=1, result=0
2025-04-02 10:03:22.150 | DEBUG    | src.api.robot_api:get_current_action:257 - 任务状态更新: action_id=106, stage=GOING_HOME, status=1, result=0
2025-04-02 10:03:22.151 | DEBUG    | src.ui.device_info_widget:_display_action_info:123 - 显示任务信息: action_id=106, stage=GOING_HOME, status=1, result=0
2025-04-02 10:03:23.116 | DEBUG    | src.api.robot_api:get_current_action:257 - 任务状态更新: action_id=106, stage=GOING_HOME, status=1, result=0
2025-04-02 10:03:23.116 | DEBUG    | src.ui.device_info_widget:_display_action_info:123 - 显示任务信息: action_id=106, stage=GOING_HOME, status=1, result=0
2025-04-02 10:03:24.161 | DEBUG    | src.api.robot_api:get_current_action:257 - 任务状态更新: action_id=106, stage=GOING_HOME, status=1, result=0
2025-04-02 10:03:24.162 | DEBUG    | src.ui.device_info_widget:_display_action_info:123 - 显示任务信息: action_id=106, stage=GOING_HOME, status=1, result=0
2025-04-02 10:03:25.270 | DEBUG    | src.api.robot_api:get_current_action:257 - 任务状态更新: action_id=106, stage=GOING_HOME, status=1, result=0
2025-04-02 10:03:25.271 | DEBUG    | src.ui.device_info_widget:_display_action_info:123 - 显示任务信息: action_id=106, stage=GOING_HOME, status=1, result=0
2025-04-02 10:03:26.163 | DEBUG    | src.api.robot_api:get_current_action:257 - 任务状态更新: action_id=106, stage=GOING_HOME, status=1, result=0
2025-04-02 10:03:26.163 | DEBUG    | src.ui.device_info_widget:_display_action_info:123 - 显示任务信息: action_id=106, stage=GOING_HOME, status=1, result=0
2025-04-02 10:03:27.497 | DEBUG    | src.api.robot_api:get_current_action:257 - 任务状态更新: action_id=106, stage=GOING_HOME, status=1, result=0
2025-04-02 10:03:27.500 | DEBUG    | src.ui.device_info_widget:_display_action_info:123 - 显示任务信息: action_id=106, stage=GOING_HOME, status=1, result=0
2025-04-02 10:03:28.285 | DEBUG    | src.api.robot_api:get_current_action:257 - 任务状态更新: action_id=106, stage=GOING_HOME, status=1, result=0
2025-04-02 10:03:28.286 | DEBUG    | src.ui.device_info_widget:_display_action_info:123 - 显示任务信息: action_id=106, stage=GOING_HOME, status=1, result=0
2025-04-02 10:03:29.213 | DEBUG    | src.api.robot_api:get_current_action:257 - 任务状态更新: action_id=106, stage=GOING_HOME, status=1, result=0
2025-04-02 10:03:29.214 | DEBUG    | src.ui.device_info_widget:_display_action_info:123 - 显示任务信息: action_id=106, stage=GOING_HOME, status=1, result=0
2025-04-02 10:03:30.160 | DEBUG    | src.api.robot_api:get_current_action:257 - 任务状态更新: action_id=106, stage=GOING_HOME, status=1, result=0
2025-04-02 10:03:30.161 | DEBUG    | src.ui.device_info_widget:_display_action_info:123 - 显示任务信息: action_id=106, stage=GOING_HOME, status=1, result=0
2025-04-02 10:03:31.421 | DEBUG    | src.api.robot_api:get_current_action:257 - 任务状态更新: action_id=106, stage=GOING_HOME, status=1, result=0
2025-04-02 10:03:31.421 | DEBUG    | src.ui.device_info_widget:_display_action_info:123 - 显示任务信息: action_id=106, stage=GOING_HOME, status=1, result=0
2025-04-02 10:03:32.193 | DEBUG    | src.api.robot_api:get_current_action:257 - 任务状态更新: action_id=106, stage=GOING_HOME, status=1, result=0
2025-04-02 10:03:32.195 | DEBUG    | src.ui.device_info_widget:_display_action_info:123 - 显示任务信息: action_id=106, stage=GOING_HOME, status=1, result=0
2025-04-02 10:03:33.278 | DEBUG    | src.api.robot_api:get_current_action:257 - 任务状态更新: action_id=106, stage=GOING_HOME, status=1, result=0
2025-04-02 10:03:33.278 | DEBUG    | src.ui.device_info_widget:_display_action_info:123 - 显示任务信息: action_id=106, stage=GOING_HOME, status=1, result=0
2025-04-02 10:03:34.286 | DEBUG    | src.api.robot_api:get_current_action:257 - 任务状态更新: action_id=106, stage=GOING_HOME, status=1, result=0
2025-04-02 10:03:34.287 | DEBUG    | src.ui.device_info_widget:_display_action_info:123 - 显示任务信息: action_id=106, stage=GOING_HOME, status=1, result=0
2025-04-02 10:03:35.322 | DEBUG    | src.api.robot_api:get_current_action:257 - 任务状态更新: action_id=106, stage=GOING_HOME, status=1, result=0
2025-04-02 10:03:35.333 | DEBUG    | src.ui.device_info_widget:_display_action_info:123 - 显示任务信息: action_id=106, stage=GOING_HOME, status=1, result=0
2025-04-02 10:03:36.118 | DEBUG    | src.api.robot_api:get_current_action:257 - 任务状态更新: action_id=106, stage=GOING_HOME, status=1, result=0
2025-04-02 10:03:36.119 | DEBUG    | src.ui.device_info_widget:_display_action_info:123 - 显示任务信息: action_id=106, stage=GOING_HOME, status=1, result=0
2025-04-02 10:03:37.269 | DEBUG    | src.api.robot_api:get_current_action:257 - 任务状态更新: action_id=106, stage=GOING_HOME, status=1, result=0
2025-04-02 10:03:37.269 | DEBUG    | src.ui.device_info_widget:_display_action_info:123 - 显示任务信息: action_id=106, stage=GOING_HOME, status=1, result=0
2025-04-02 10:03:38.208 | DEBUG    | src.api.robot_api:get_current_action:257 - 任务状态更新: action_id=106, stage=GOING_HOME, status=1, result=0
2025-04-02 10:03:38.208 | DEBUG    | src.ui.device_info_widget:_display_action_info:123 - 显示任务信息: action_id=106, stage=GOING_HOME, status=1, result=0
2025-04-02 10:03:39.099 | DEBUG    | src.api.robot_api:get_current_action:257 - 任务状态更新: action_id=106, stage=GOING_HOME, status=1, result=0
2025-04-02 10:03:39.099 | DEBUG    | src.ui.device_info_widget:_display_action_info:123 - 显示任务信息: action_id=106, stage=GOING_HOME, status=1, result=0
2025-04-02 10:03:40.122 | DEBUG    | src.api.robot_api:get_current_action:257 - 任务状态更新: action_id=106, stage=GOING_HOME, status=1, result=0
2025-04-02 10:03:40.123 | DEBUG    | src.ui.device_info_widget:_display_action_info:123 - 显示任务信息: action_id=106, stage=GOING_HOME, status=1, result=0
2025-04-02 10:03:41.160 | DEBUG    | src.api.robot_api:get_current_action:257 - 任务状态更新: action_id=106, stage=GOING_HOME, status=1, result=0
2025-04-02 10:03:41.160 | DEBUG    | src.ui.device_info_widget:_display_action_info:123 - 显示任务信息: action_id=106, stage=GOING_HOME, status=1, result=0
2025-04-02 10:03:42.166 | DEBUG    | src.api.robot_api:get_current_action:257 - 任务状态更新: action_id=106, stage=GOING_HOME, status=1, result=0
2025-04-02 10:03:42.167 | DEBUG    | src.ui.device_info_widget:_display_action_info:123 - 显示任务信息: action_id=106, stage=GOING_HOME, status=1, result=0
2025-04-02 10:03:43.165 | DEBUG    | src.api.robot_api:get_current_action:257 - 任务状态更新: action_id=106, stage=GOING_HOME, status=1, result=0
2025-04-02 10:03:43.166 | DEBUG    | src.ui.device_info_widget:_display_action_info:123 - 显示任务信息: action_id=106, stage=GOING_HOME, status=1, result=0
2025-04-02 10:03:44.173 | DEBUG    | src.api.robot_api:get_current_action:257 - 任务状态更新: action_id=106, stage=GOING_HOME, status=1, result=0
2025-04-02 10:03:44.174 | DEBUG    | src.ui.device_info_widget:_display_action_info:123 - 显示任务信息: action_id=106, stage=GOING_HOME, status=1, result=0
2025-04-02 10:03:45.154 | DEBUG    | src.api.robot_api:get_current_action:257 - 任务状态更新: action_id=106, stage=GOING_HOME, status=1, result=0
2025-04-02 10:03:45.155 | DEBUG    | src.ui.device_info_widget:_display_action_info:123 - 显示任务信息: action_id=106, stage=GOING_HOME, status=1, result=0
2025-04-02 10:03:46.105 | DEBUG    | src.api.robot_api:get_current_action:257 - 任务状态更新: action_id=106, stage=GOING_HOME, status=1, result=0
2025-04-02 10:03:46.106 | DEBUG    | src.ui.device_info_widget:_display_action_info:123 - 显示任务信息: action_id=106, stage=GOING_HOME, status=1, result=0
2025-04-02 10:03:47.272 | DEBUG    | src.ui.device_info_widget:_display_action_info:123 - 显示任务信息: action_id=106, stage=, status=4, result=0
2025-04-02 10:03:48.163 | DEBUG    | src.ui.device_info_widget:_display_action_info:123 - 显示任务信息: action_id=106, stage=, status=4, result=0
2025-04-02 10:03:49.184 | DEBUG    | src.ui.device_info_widget:_display_action_info:123 - 显示任务信息: action_id=106, stage=, status=4, result=0
2025-04-02 10:03:49.639 | INFO     | src.ui.connection_widget:handle_connection:234 - 已断开设备连接
